{"level":"DEBUG","time":"2020-10-20T14:27:49.438+0800","caller":"wizzcommunity/main.go:37","msg":"logger init success..."}
{"level":"ERROR","time":"2020-10-20T14:27:49.498+0800","caller":"mysql/mysql.go:26","msg":"connect DB failed","error":"Error 1049: Unknown database 'wizzcommunity'"}
{"level":"DEBUG","time":"2020-10-20T14:47:30.624+0800","caller":"wizzcommunity/main.go:37","msg":"logger init success..."}
{"level":"DEBUG","time":"2020-10-20T14:48:38.347+0800","caller":"wizzcommunity/main.go:37","msg":"logger init success..."}
{"level":"DEBUG","time":"2020-10-20T14:49:52.906+0800","caller":"wizzcommunity/main.go:37","msg":"logger init success..."}
{"level":"DEBUG","time":"2020-10-20T14:54:27.925+0800","caller":"wizzcommunity/main.go:37","msg":"logger init success..."}
{"level":"DEBUG","time":"2020-10-20T14:54:47.174+0800","caller":"wizzcommunity/main.go:37","msg":"logger init success..."}
{"level":"INFO","time":"2020-10-20T14:54:59.533+0800","caller":"wizzcommunity/main.go:73","msg":"Shutdown Server ..."}
{"level":"INFO","time":"2020-10-20T14:54:59.533+0800","caller":"wizzcommunity/main.go:82","msg":"Server exiting"}
{"level":"DEBUG","time":"2020-10-20T14:55:03.483+0800","caller":"wizzcommunity/main.go:37","msg":"logger init success..."}
{"level":"DEBUG","time":"2020-10-20T14:55:13.597+0800","caller":"wizzcommunity/main.go:37","msg":"logger init success..."}
{"level":"DEBUG","time":"2020-10-20T14:55:17.363+0800","caller":"wizzcommunity/main.go:37","msg":"logger init success..."}
{"level":"DEBUG","time":"2020-10-20T14:56:44.866+0800","caller":"wizzcommunity/main.go:37","msg":"logger init success..."}
{"level":"DEBUG","time":"2020-10-20T15:01:27.548+0800","caller":"wizzcommunity/main.go:37","msg":"logger init success..."}
{"level":"DEBUG","time":"2020-10-20T15:01:56.039+0800","caller":"wizzcommunity/main.go:37","msg":"logger init success..."}
{"level":"DEBUG","time":"2020-10-20T15:03:15.419+0800","caller":"wizzcommunity/main.go:37","msg":"logger init success..."}
{"level":"DEBUG","time":"2020-10-20T15:03:37.277+0800","caller":"wizzcommunity/main.go:37","msg":"logger init success..."}
{"level":"INFO","time":"2020-10-20T15:08:36.268+0800","caller":"logger/logger.go:71","msg":"/","status":200,"method":"GET","path":"/","query":"","ip":"::1","user-agent":"Mozilla/5.0 (Windows NT 10.0; Win64; x64) AppleWebKit/537.36 (KHTML, like Gecko) Chrome/86.0.4240.75 Safari/537.36","errors":"","cost":0}
{"level":"INFO","time":"2020-10-20T15:08:36.578+0800","caller":"logger/logger.go:71","msg":"/favicon.ico","status":404,"method":"GET","path":"/favicon.ico","query":"","ip":"::1","user-agent":"Mozilla/5.0 (Windows NT 10.0; Win64; x64) AppleWebKit/537.36 (KHTML, like Gecko) Chrome/86.0.4240.75 Safari/537.36","errors":"","cost":0}
{"level":"INFO","time":"2020-10-20T15:08:53.894+0800","caller":"logger/logger.go:71","msg":"/","status":200,"method":"GET","path":"/","query":"","ip":"::1","user-agent":"Mozilla/5.0 (Windows NT 10.0; Win64; x64) AppleWebKit/537.36 (KHTML, like Gecko) Chrome/86.0.4240.75 Safari/537.36","errors":"","cost":0}
{"level":"DEBUG","time":"2020-10-20T15:12:43.308+0800","caller":"wizzcommunity/main.go:37","msg":"logger init success..."}
{"level":"DEBUG","time":"2020-10-20T15:12:44.112+0800","caller":"wizzcommunity/main.go:37","msg":"logger init success..."}
{"level":"DEBUG","time":"2020-10-20T15:13:48.757+0800","caller":"wizzcommunity/main.go:37","msg":"logger init success..."}
{"level":"DEBUG","time":"2020-10-20T15:13:54.456+0800","caller":"wizzcommunity/main.go:37","msg":"logger init success..."}
{"level":"DEBUG","time":"2020-10-20T15:14:03.766+0800","caller":"wizzcommunity/main.go:37","msg":"logger init success..."}
{"level":"INFO","time":"2020-10-20T15:28:32.586+0800","caller":"logger/logger.go:71","msg":"/","status":200,"method":"GET","path":"/","query":"","ip":"::1","user-agent":"Mozilla/5.0 (Windows NT 10.0; Win64; x64) AppleWebKit/537.36 (KHTML, like Gecko) Chrome/86.0.4240.75 Safari/537.36","errors":"","cost":0.002031}
{"level":"INFO","time":"2020-10-20T15:28:33.216+0800","caller":"logger/logger.go:71","msg":"/","status":200,"method":"GET","path":"/","query":"","ip":"::1","user-agent":"Mozilla/5.0 (Windows NT 10.0; Win64; x64) AppleWebKit/537.36 (KHTML, like Gecko) Chrome/86.0.4240.75 Safari/537.36","errors":"","cost":0.0009978}
{"level":"INFO","time":"2020-10-20T15:28:34.618+0800","caller":"logger/logger.go:71","msg":"/","status":200,"method":"GET","path":"/","query":"","ip":"::1","user-agent":"Mozilla/5.0 (Windows NT 10.0; Win64; x64) AppleWebKit/537.36 (KHTML, like Gecko) Chrome/86.0.4240.75 Safari/537.36","errors":"","cost":0}
{"level":"INFO","time":"2020-10-20T15:28:34.837+0800","caller":"logger/logger.go:71","msg":"/favicon.ico","status":404,"method":"GET","path":"/favicon.ico","query":"","ip":"::1","user-agent":"Mozilla/5.0 (Windows NT 10.0; Win64; x64) AppleWebKit/537.36 (KHTML, like Gecko) Chrome/86.0.4240.75 Safari/537.36","errors":"","cost":0}
{"level":"INFO","time":"2020-10-20T15:28:35.246+0800","caller":"logger/logger.go:71","msg":"/","status":200,"method":"GET","path":"/","query":"","ip":"::1","user-agent":"Mozilla/5.0 (Windows NT 10.0; Win64; x64) AppleWebKit/537.36 (KHTML, like Gecko) Chrome/86.0.4240.75 Safari/537.36","errors":"","cost":0}
{"level":"INFO","time":"2020-10-20T15:28:35.501+0800","caller":"logger/logger.go:71","msg":"/favicon.ico","status":404,"method":"GET","path":"/favicon.ico","query":"","ip":"::1","user-agent":"Mozilla/5.0 (Windows NT 10.0; Win64; x64) AppleWebKit/537.36 (KHTML, like Gecko) Chrome/86.0.4240.75 Safari/537.36","errors":"","cost":0}
{"level":"INFO","time":"2020-10-20T15:28:49.482+0800","caller":"logger/logger.go:71","msg":"/","status":200,"method":"GET","path":"/","query":"","ip":"::1","user-agent":"Mozilla/5.0 (Windows NT 10.0; Win64; x64) AppleWebKit/537.36 (KHTML, like Gecko) Chrome/86.0.4240.75 Safari/537.36","errors":"","cost":0}
{"level":"INFO","time":"2020-10-20T15:28:49.677+0800","caller":"logger/logger.go:71","msg":"/favicon.ico","status":404,"method":"GET","path":"/favicon.ico","query":"","ip":"::1","user-agent":"Mozilla/5.0 (Windows NT 10.0; Win64; x64) AppleWebKit/537.36 (KHTML, like Gecko) Chrome/86.0.4240.75 Safari/537.36","errors":"","cost":0}
{"level":"INFO","time":"2020-10-20T15:28:50.032+0800","caller":"logger/logger.go:71","msg":"/","status":200,"method":"GET","path":"/","query":"","ip":"::1","user-agent":"Mozilla/5.0 (Windows NT 10.0; Win64; x64) AppleWebKit/537.36 (KHTML, like Gecko) Chrome/86.0.4240.75 Safari/537.36","errors":"","cost":0}
{"level":"INFO","time":"2020-10-20T15:28:50.196+0800","caller":"logger/logger.go:71","msg":"/favicon.ico","status":404,"method":"GET","path":"/favicon.ico","query":"","ip":"::1","user-agent":"Mozilla/5.0 (Windows NT 10.0; Win64; x64) AppleWebKit/537.36 (KHTML, like Gecko) Chrome/86.0.4240.75 Safari/537.36","errors":"","cost":0}
{"level":"INFO","time":"2020-10-20T15:29:42.425+0800","caller":"logger/logger.go:71","msg":"/","status":200,"method":"GET","path":"/","query":"","ip":"::1","user-agent":"Mozilla/5.0 (Windows NT 10.0; Win64; x64) AppleWebKit/537.36 (KHTML, like Gecko) Chrome/86.0.4240.75 Safari/537.36","errors":"","cost":0}
{"level":"INFO","time":"2020-10-20T15:29:42.635+0800","caller":"logger/logger.go:71","msg":"/favicon.ico","status":404,"method":"GET","path":"/favicon.ico","query":"","ip":"::1","user-agent":"Mozilla/5.0 (Windows NT 10.0; Win64; x64) AppleWebKit/537.36 (KHTML, like Gecko) Chrome/86.0.4240.75 Safari/537.36","errors":"","cost":0}
{"level":"INFO","time":"2020-10-20T15:29:43.170+0800","caller":"logger/logger.go:71","msg":"/","status":200,"method":"GET","path":"/","query":"","ip":"::1","user-agent":"Mozilla/5.0 (Windows NT 10.0; Win64; x64) AppleWebKit/537.36 (KHTML, like Gecko) Chrome/86.0.4240.75 Safari/537.36","errors":"","cost":0}
{"level":"INFO","time":"2020-10-20T15:29:43.331+0800","caller":"logger/logger.go:71","msg":"/favicon.ico","status":404,"method":"GET","path":"/favicon.ico","query":"","ip":"::1","user-agent":"Mozilla/5.0 (Windows NT 10.0; Win64; x64) AppleWebKit/537.36 (KHTML, like Gecko) Chrome/86.0.4240.75 Safari/537.36","errors":"","cost":0}
{"level":"INFO","time":"2020-10-20T15:30:10.670+0800","caller":"logger/logger.go:71","msg":"/","status":200,"method":"GET","path":"/","query":"","ip":"::1","user-agent":"Mozilla/5.0 (Windows NT 10.0; Win64; x64) AppleWebKit/537.36 (KHTML, like Gecko) Chrome/86.0.4240.75 Safari/537.36","errors":"","cost":0}
{"level":"INFO","time":"2020-10-20T15:30:16.375+0800","caller":"wizzcommunity/main.go:73","msg":"Shutdown Server ..."}
{"level":"INFO","time":"2020-10-20T15:30:16.376+0800","caller":"wizzcommunity/main.go:82","msg":"Server exiting"}
{"level":"DEBUG","time":"2020-10-20T15:30:36.292+0800","caller":"wizzcommunity/main.go:37","msg":"logger init success..."}
{"level":"INFO","time":"2020-10-20T15:32:05.006+0800","caller":"wizzcommunity/main.go:73","msg":"Shutdown Server ..."}
{"level":"INFO","time":"2020-10-20T15:32:05.006+0800","caller":"wizzcommunity/main.go:82","msg":"Server exiting"}
{"level":"DEBUG","time":"2020-10-20T15:32:07.131+0800","caller":"wizzcommunity/main.go:37","msg":"logger init success..."}
{"level":"INFO","time":"2020-10-20T15:32:09.708+0800","caller":"logger/logger.go:71","msg":"/","status":200,"method":"GET","path":"/","query":"","ip":"::1","user-agent":"Mozilla/5.0 (Windows NT 10.0; Win64; x64) AppleWebKit/537.36 (KHTML, like Gecko) Chrome/86.0.4240.75 Safari/537.36","errors":"","cost":0}
{"level":"INFO","time":"2020-10-20T15:32:09.992+0800","caller":"logger/logger.go:71","msg":"/favicon.ico","status":404,"method":"GET","path":"/favicon.ico","query":"","ip":"::1","user-agent":"Mozilla/5.0 (Windows NT 10.0; Win64; x64) AppleWebKit/537.36 (KHTML, like Gecko) Chrome/86.0.4240.75 Safari/537.36","errors":"","cost":0}
{"level":"INFO","time":"2020-10-20T15:32:23.774+0800","caller":"wizzcommunity/main.go:73","msg":"Shutdown Server ..."}
{"level":"INFO","time":"2020-10-20T15:32:23.774+0800","caller":"wizzcommunity/main.go:82","msg":"Server exiting"}
{"level":"DEBUG","time":"2020-10-20T15:32:29.501+0800","caller":"wizzcommunity/main.go:37","msg":"logger init success..."}
{"level":"INFO","time":"2020-10-20T15:33:06.396+0800","caller":"wizzcommunity/main.go:73","msg":"Shutdown Server ..."}
{"level":"INFO","time":"2020-10-20T15:33:06.396+0800","caller":"wizzcommunity/main.go:82","msg":"Server exiting"}
{"level":"DEBUG","time":"2020-10-20T15:33:07.986+0800","caller":"wizzcommunity/main.go:37","msg":"logger init success..."}
{"level":"INFO","time":"2020-10-20T15:33:10.123+0800","caller":"logger/logger.go:71","msg":"/","status":200,"method":"GET","path":"/","query":"","ip":"::1","user-agent":"Mozilla/5.0 (Windows NT 10.0; Win64; x64) AppleWebKit/537.36 (KHTML, like Gecko) Chrome/86.0.4240.75 Safari/537.36","errors":"","cost":0}
{"level":"INFO","time":"2020-10-20T15:33:14.194+0800","caller":"logger/logger.go:71","msg":"/","status":200,"method":"GET","path":"/","query":"","ip":"::1","user-agent":"Mozilla/5.0 (Windows NT 10.0; Win64; x64) AppleWebKit/537.36 (KHTML, like Gecko) Chrome/86.0.4240.75 Safari/537.36","errors":"","cost":0}
{"level":"DEBUG","time":"2020-10-20T15:58:22.107+0800","caller":"wizzcommunity/main.go:37","msg":"logger init success..."}
{"level":"DEBUG","time":"2020-10-20T15:59:33.069+0800","caller":"wizzcommunity/main.go:37","msg":"logger init success..."}
{"level":"DEBUG","time":"2020-10-20T16:01:48.140+0800","caller":"wizzcommunity/main.go:37","msg":"logger init success..."}
{"level":"INFO","time":"2020-10-20T16:02:02.042+0800","caller":"logger/logger.go:71","msg":"/","status":200,"method":"GET","path":"/","query":"","ip":"::1","user-agent":"Mozilla/5.0 (Windows NT 10.0; Win64; x64) AppleWebKit/537.36 (KHTML, like Gecko) Chrome/86.0.4240.75 Safari/537.36","errors":"","cost":0}
{"level":"DEBUG","time":"2020-10-20T16:02:40.240+0800","caller":"wizzcommunity/main.go:37","msg":"logger init success..."}
{"level":"DEBUG","time":"2020-10-20T16:02:57.344+0800","caller":"wizzcommunity/main.go:37","msg":"logger init success..."}
{"level":"DEBUG","time":"2020-10-20T16:03:04.769+0800","caller":"wizzcommunity/main.go:37","msg":"logger init success..."}
{"level":"INFO","time":"2020-10-20T16:03:04.846+0800","caller":"logger/logger.go:71","msg":"/","status":200,"method":"GET","path":"/","query":"","ip":"::1","user-agent":"Mozilla/5.0 (Windows NT 10.0; Win64; x64) AppleWebKit/537.36 (KHTML, like Gecko) Chrome/86.0.4240.75 Safari/537.36","errors":"","cost":0}
{"level":"DEBUG","time":"2020-10-20T16:03:20.244+0800","caller":"wizzcommunity/main.go:37","msg":"logger init success..."}
{"level":"INFO","time":"2020-10-20T16:03:20.370+0800","caller":"logger/logger.go:71","msg":"/","status":200,"method":"GET","path":"/","query":"","ip":"::1","user-agent":"Mozilla/5.0 (Windows NT 10.0; Win64; x64) AppleWebKit/537.36 (KHTML, like Gecko) Chrome/86.0.4240.75 Safari/537.36","errors":"","cost":0}
{"level":"DEBUG","time":"2020-10-20T16:03:30.824+0800","caller":"wizzcommunity/main.go:37","msg":"logger init success..."}
{"level":"DEBUG","time":"2020-10-20T16:03:49.914+0800","caller":"wizzcommunity/main.go:37","msg":"logger init success..."}
{"level":"DEBUG","time":"2020-10-20T16:04:40.672+0800","caller":"wizzcommunity/main.go:37","msg":"logger init success..."}
{"level":"DEBUG","time":"2020-10-20T16:04:54.112+0800","caller":"wizzcommunity/main.go:37","msg":"logger init success..."}
{"level":"INFO","time":"2020-10-20T16:04:54.160+0800","caller":"logger/logger.go:71","msg":"/","status":200,"method":"GET","path":"/","query":"","ip":"127.0.0.1","user-agent":"Mozilla/5.0 (Windows NT 10.0; Win64; x64) AppleWebKit/537.36 (KHTML, like Gecko) Chrome/86.0.4240.75 Safari/537.36","errors":"","cost":0}
{"level":"INFO","time":"2020-10-20T16:18:17.383+0800","caller":"wizzcommunity/main.go:73","msg":"Shutdown Server ..."}
{"level":"INFO","time":"2020-10-20T16:18:17.385+0800","caller":"wizzcommunity/main.go:82","msg":"Server exiting"}
{"level":"DEBUG","time":"2020-10-20T16:21:11.323+0800","caller":"wizzcommunity/main.go:37","msg":"logger init success..."}
{"level":"INFO","time":"2020-10-20T16:21:17.144+0800","caller":"wizzcommunity/main.go:73","msg":"Shutdown Server ..."}
{"level":"INFO","time":"2020-10-20T16:21:17.145+0800","caller":"wizzcommunity/main.go:82","msg":"Server exiting"}
{"level":"DEBUG","time":"2020-10-20T16:21:30.279+0800","caller":"wizzcommunity/main.go:37","msg":"logger init success..."}
{"level":"INFO","time":"2020-10-20T16:21:40.324+0800","caller":"logger/logger.go:71","msg":"/swagger/index.html","status":200,"method":"GET","path":"/swagger/index.html","query":"","ip":"::1","user-agent":"Mozilla/5.0 (Windows NT 10.0; Win64; x64) AppleWebKit/537.36 (KHTML, like Gecko) Chrome/86.0.4240.75 Safari/537.36","errors":"","cost":0.0009984}
{"level":"INFO","time":"2020-10-20T16:21:40.380+0800","caller":"logger/logger.go:71","msg":"/swagger/swagger-ui.css","status":200,"method":"GET","path":"/swagger/swagger-ui.css","query":"","ip":"::1","user-agent":"Mozilla/5.0 (Windows NT 10.0; Win64; x64) AppleWebKit/537.36 (KHTML, like Gecko) Chrome/86.0.4240.75 Safari/537.36","errors":"","cost":0.0009922}
{"level":"INFO","time":"2020-10-20T16:21:40.401+0800","caller":"logger/logger.go:71","msg":"/swagger/swagger-ui-standalone-preset.js","status":200,"method":"GET","path":"/swagger/swagger-ui-standalone-preset.js","query":"","ip":"::1","user-agent":"Mozilla/5.0 (Windows NT 10.0; Win64; x64) AppleWebKit/537.36 (KHTML, like Gecko) Chrome/86.0.4240.75 Safari/537.36","errors":"","cost":0}
{"level":"INFO","time":"2020-10-20T16:21:40.410+0800","caller":"logger/logger.go:71","msg":"/swagger/swagger-ui-bundle.js","status":200,"method":"GET","path":"/swagger/swagger-ui-bundle.js","query":"","ip":"::1","user-agent":"Mozilla/5.0 (Windows NT 10.0; Win64; x64) AppleWebKit/537.36 (KHTML, like Gecko) Chrome/86.0.4240.75 Safari/537.36","errors":"","cost":0.0089774}
{"level":"ERROR","time":"2020-10-20T16:21:49.192+0800","caller":"logger/logger.go:113","msg":"[Recovery from panic]","error":"not yet registered swag","request":"GET /swagger/doc.json HTTP/1.1\r\nHost: localhost:8083\r\nAccept: application/json,*/*\r\nAccept-Encoding: gzip, deflate, br\r\nAccept-Language: zh-CN,zh;q=0.9,ja;q=0.8\r\nConnection: keep-alive\r\nCookie: Webstorm-d07ab4d9=27f12ead-c12a-4b2a-aadd-1686ec7e94fa; ts_uid=6607261760; _ga=GA1.1.1826110791.1591704763; Idea-cf794e08=a78753a7-a352-4373-a2f8-c2b3a386e95d\r\nReferer: http://localhost:8083/swagger/index.html\r\nSec-Fetch-Dest: empty\r\nSec-Fetch-Mode: cors\r\nSec-Fetch-Site: same-origin\r\nUser-Agent: Mozilla/5.0 (Windows NT 10.0; Win64; x64) AppleWebKit/537.36 (KHTML, like Gecko) Chrome/86.0.4240.75 Safari/537.36\r\n\r\n","stack":"goroutine 66 [running]:\nruntime/debug.Stack(0x0, 0xc000196000, 0x261)\n\tC:/Go/src/runtime/debug/stack.go:24 +0xa4\nwizzcommunity/logger.GinRecovery.func1.1(0xc000164000, 0x201)\n\tD:/360downloads/GO_WORK/src/wizzcommunity/logger/logger.go:116 +0x264\npanic(0xc534a0, 0xc00030a550)\n\tC:/Go/src/runtime/panic.go:969 +0x174\ngithub.com/swaggo/gin-swagger.CustomWrapHandler.func1(0xc000164000)\n\tD:/360downloads/GO_WORK/pkg/mod/github.com/swaggo/gin-swagger@v1.2.0/swagger.go:83 +0x66d\ngithub.com/gin-gonic/gin.(*Context).Next(0xc000164000)\n\tD:/360downloads/GO_WORK/pkg/mod/github.com/gin-gonic/gin@v1.6.3/context.go:161 +0x42\nwizzcommunity/logger.GinRecovery.func1(0xc000164000)\n\tD:/360downloads/GO_WORK/src/wizzcommunity/logger/logger.go:127 +0x5d\ngithub.com/gin-gonic/gin.(*Context).Next(0xc000164000)\n\tD:/360downloads/GO_WORK/pkg/mod/github.com/gin-gonic/gin@v1.6.3/context.go:161 +0x42\nwizzcommunity/logger.GinLogger.func1(0xc000164000)\n\tD:/360downloads/GO_WORK/src/wizzcommunity/logger/logger.go:68 +0x9b\ngithub.com/gin-gonic/gin.(*Context).Next(0xc000164000)\n\tD:/360downloads/GO_WORK/pkg/mod/github.com/gin-gonic/gin@v1.6.3/context.go:161 +0x42\ngithub.com/gin-gonic/gin.(*Engine).handleHTTPRequest(0xc000072140, 0xc000164000)\n\tD:/360downloads/GO_WORK/pkg/mod/github.com/gin-gonic/gin@v1.6.3/gin.go:409 +0x66d\ngithub.com/gin-gonic/gin.(*Engine).ServeHTTP(0xc000072140, 0xeaff40, 0xc00015a0e0, 0xc000150400)\n\tD:/360downloads/GO_WORK/pkg/mod/github.com/gin-gonic/gin@v1.6.3/gin.go:367 +0x154\nnet/http.serverHandler.ServeHTTP(0xc0006ea1c0, 0xeaff40, 0xc00015a0e0, 0xc000150400)\n\tC:/Go/src/net/http/server.go:2807 +0xaa\nnet/http.(*conn).serve(0xc0003aa000, 0xeb24c0, 0xc000279600)\n\tC:/Go/src/net/http/server.go:1895 +0x873\ncreated by net/http.(*Server).Serve\n\tC:/Go/src/net/http/server.go:2933 +0x363\n"}
{"level":"INFO","time":"2020-10-20T16:21:49.192+0800","caller":"logger/logger.go:71","msg":"/swagger/doc.json","status":500,"method":"GET","path":"/swagger/doc.json","query":"","ip":"::1","user-agent":"Mozilla/5.0 (Windows NT 10.0; Win64; x64) AppleWebKit/537.36 (KHTML, like Gecko) Chrome/86.0.4240.75 Safari/537.36","errors":"","cost":0.0009972}
{"level":"INFO","time":"2020-10-20T16:21:49.293+0800","caller":"logger/logger.go:71","msg":"/swagger/favicon-32x32.png","status":200,"method":"GET","path":"/swagger/favicon-32x32.png","query":"","ip":"::1","user-agent":"Mozilla/5.0 (Windows NT 10.0; Win64; x64) AppleWebKit/537.36 (KHTML, like Gecko) Chrome/86.0.4240.75 Safari/537.36","errors":"","cost":0.0608373}
{"level":"ERROR","time":"2020-10-20T16:21:53.395+0800","caller":"logger/logger.go:113","msg":"[Recovery from panic]","error":"not yet registered swag","request":"GET /swagger/doc.json HTTP/1.1\r\nHost: localhost:8083\r\nAccept: application/json,*/*\r\nAccept-Encoding: gzip, deflate, br\r\nAccept-Language: zh-CN,zh;q=0.9,ja;q=0.8\r\nConnection: keep-alive\r\nCookie: Webstorm-d07ab4d9=27f12ead-c12a-4b2a-aadd-1686ec7e94fa; ts_uid=6607261760; _ga=GA1.1.1826110791.1591704763; Idea-cf794e08=a78753a7-a352-4373-a2f8-c2b3a386e95d\r\nReferer: http://localhost:8083/swagger/index.html\r\nSec-Fetch-Dest: empty\r\nSec-Fetch-Mode: cors\r\nSec-Fetch-Site: same-origin\r\nUser-Agent: Mozilla/5.0 (Windows NT 10.0; Win64; x64) AppleWebKit/537.36 (KHTML, like Gecko) Chrome/86.0.4240.75 Safari/537.36\r\n\r\n","stack":"goroutine 66 [running]:\nruntime/debug.Stack(0x0, 0xc0004b8000, 0x261)\n\tC:/Go/src/runtime/debug/stack.go:24 +0xa4\nwizzcommunity/logger.GinRecovery.func1.1(0xc0005b2000, 0x1)\n\tD:/360downloads/GO_WORK/src/wizzcommunity/logger/logger.go:116 +0x264\npanic(0xc534a0, 0xc000443c00)\n\tC:/Go/src/runtime/panic.go:969 +0x174\ngithub.com/swaggo/gin-swagger.CustomWrapHandler.func1(0xc0005b2000)\n\tD:/360downloads/GO_WORK/pkg/mod/github.com/swaggo/gin-swagger@v1.2.0/swagger.go:83 +0x66d\ngithub.com/gin-gonic/gin.(*Context).Next(0xc0005b2000)\n\tD:/360downloads/GO_WORK/pkg/mod/github.com/gin-gonic/gin@v1.6.3/context.go:161 +0x42\nwizzcommunity/logger.GinRecovery.func1(0xc0005b2000)\n\tD:/360downloads/GO_WORK/src/wizzcommunity/logger/logger.go:127 +0x5d\ngithub.com/gin-gonic/gin.(*Context).Next(0xc0005b2000)\n\tD:/360downloads/GO_WORK/pkg/mod/github.com/gin-gonic/gin@v1.6.3/context.go:161 +0x42\nwizzcommunity/logger.GinLogger.func1(0xc0005b2000)\n\tD:/360downloads/GO_WORK/src/wizzcommunity/logger/logger.go:68 +0x9b\ngithub.com/gin-gonic/gin.(*Context).Next(0xc0005b2000)\n\tD:/360downloads/GO_WORK/pkg/mod/github.com/gin-gonic/gin@v1.6.3/context.go:161 +0x42\ngithub.com/gin-gonic/gin.(*Engine).handleHTTPRequest(0xc000072140, 0xc0005b2000)\n\tD:/360downloads/GO_WORK/pkg/mod/github.com/gin-gonic/gin@v1.6.3/gin.go:409 +0x66d\ngithub.com/gin-gonic/gin.(*Engine).ServeHTTP(0xc000072140, 0xeaff40, 0xc0005ae380, 0xc00059e600)\n\tD:/360downloads/GO_WORK/pkg/mod/github.com/gin-gonic/gin@v1.6.3/gin.go:367 +0x154\nnet/http.serverHandler.ServeHTTP(0xc0006ea1c0, 0xeaff40, 0xc0005ae380, 0xc00059e600)\n\tC:/Go/src/net/http/server.go:2807 +0xaa\nnet/http.(*conn).serve(0xc0003aa000, 0xeb24c0, 0xc000279600)\n\tC:/Go/src/net/http/server.go:1895 +0x873\ncreated by net/http.(*Server).Serve\n\tC:/Go/src/net/http/server.go:2933 +0x363\n"}
{"level":"INFO","time":"2020-10-20T16:21:53.395+0800","caller":"logger/logger.go:71","msg":"/swagger/doc.json","status":500,"method":"GET","path":"/swagger/doc.json","query":"","ip":"::1","user-agent":"Mozilla/5.0 (Windows NT 10.0; Win64; x64) AppleWebKit/537.36 (KHTML, like Gecko) Chrome/86.0.4240.75 Safari/537.36","errors":"","cost":0}
{"level":"DEBUG","time":"2020-10-20T16:23:13.150+0800","caller":"wizzcommunity/main.go:37","msg":"logger init success..."}
{"level":"INFO","time":"2020-10-20T16:23:13.220+0800","caller":"logger/logger.go:71","msg":"/swagger/index.html","status":200,"method":"GET","path":"/swagger/index.html","query":"","ip":"127.0.0.1","user-agent":"Mozilla/5.0 (Windows NT 10.0; Win64; x64) AppleWebKit/537.36 (KHTML, like Gecko) Chrome/86.0.4240.75 Safari/537.36","errors":"","cost":0.0009985}
{"level":"INFO","time":"2020-10-20T16:23:13.282+0800","caller":"logger/logger.go:71","msg":"/swagger/swagger-ui.css","status":200,"method":"GET","path":"/swagger/swagger-ui.css","query":"","ip":"127.0.0.1","user-agent":"Mozilla/5.0 (Windows NT 10.0; Win64; x64) AppleWebKit/537.36 (KHTML, like Gecko) Chrome/86.0.4240.75 Safari/537.36","errors":"","cost":0}
{"level":"INFO","time":"2020-10-20T16:23:13.305+0800","caller":"logger/logger.go:71","msg":"/swagger/swagger-ui-standalone-preset.js","status":200,"method":"GET","path":"/swagger/swagger-ui-standalone-preset.js","query":"","ip":"127.0.0.1","user-agent":"Mozilla/5.0 (Windows NT 10.0; Win64; x64) AppleWebKit/537.36 (KHTML, like Gecko) Chrome/86.0.4240.75 Safari/537.36","errors":"","cost":0.0010025}
{"level":"INFO","time":"2020-10-20T16:23:13.308+0800","caller":"logger/logger.go:71","msg":"/swagger/swagger-ui-bundle.js","status":200,"method":"GET","path":"/swagger/swagger-ui-bundle.js","query":"","ip":"127.0.0.1","user-agent":"Mozilla/5.0 (Windows NT 10.0; Win64; x64) AppleWebKit/537.36 (KHTML, like Gecko) Chrome/86.0.4240.75 Safari/537.36","errors":"","cost":0.0039916}
{"level":"INFO","time":"2020-10-20T16:23:14.004+0800","caller":"logger/logger.go:71","msg":"/swagger/doc.json","status":200,"method":"GET","path":"/swagger/doc.json","query":"","ip":"127.0.0.1","user-agent":"Mozilla/5.0 (Windows NT 10.0; Win64; x64) AppleWebKit/537.36 (KHTML, like Gecko) Chrome/86.0.4240.75 Safari/537.36","errors":"","cost":0.0009954}
{"level":"INFO","time":"2020-10-20T16:23:14.104+0800","caller":"logger/logger.go:71","msg":"/swagger/favicon-32x32.png","status":200,"method":"GET","path":"/swagger/favicon-32x32.png","query":"","ip":"127.0.0.1","user-agent":"Mozilla/5.0 (Windows NT 10.0; Win64; x64) AppleWebKit/537.36 (KHTML, like Gecko) Chrome/86.0.4240.75 Safari/537.36","errors":"","cost":0.0418889}
{"level":"INFO","time":"2020-10-20T16:23:22.434+0800","caller":"logger/logger.go:71","msg":"/swagger/index.html","status":200,"method":"GET","path":"/swagger/index.html","query":"","ip":"127.0.0.1","user-agent":"Mozilla/5.0 (Windows NT 10.0; Win64; x64) AppleWebKit/537.36 (KHTML, like Gecko) Chrome/86.0.4240.75 Safari/537.36","errors":"","cost":0}
{"level":"INFO","time":"2020-10-20T16:23:22.481+0800","caller":"logger/logger.go:71","msg":"/swagger/swagger-ui.css","status":304,"method":"GET","path":"/swagger/swagger-ui.css","query":"","ip":"127.0.0.1","user-agent":"Mozilla/5.0 (Windows NT 10.0; Win64; x64) AppleWebKit/537.36 (KHTML, like Gecko) Chrome/86.0.4240.75 Safari/537.36","errors":"","cost":0}
{"level":"INFO","time":"2020-10-20T16:23:22.505+0800","caller":"logger/logger.go:71","msg":"/swagger/swagger-ui-bundle.js","status":304,"method":"GET","path":"/swagger/swagger-ui-bundle.js","query":"","ip":"127.0.0.1","user-agent":"Mozilla/5.0 (Windows NT 10.0; Win64; x64) AppleWebKit/537.36 (KHTML, like Gecko) Chrome/86.0.4240.75 Safari/537.36","errors":"","cost":0}
{"level":"INFO","time":"2020-10-20T16:23:22.505+0800","caller":"logger/logger.go:71","msg":"/swagger/swagger-ui-standalone-preset.js","status":304,"method":"GET","path":"/swagger/swagger-ui-standalone-preset.js","query":"","ip":"127.0.0.1","user-agent":"Mozilla/5.0 (Windows NT 10.0; Win64; x64) AppleWebKit/537.36 (KHTML, like Gecko) Chrome/86.0.4240.75 Safari/537.36","errors":"","cost":0}
{"level":"DEBUG","time":"2020-10-20T16:24:11.049+0800","caller":"wizzcommunity/main.go:37","msg":"logger init success..."}
{"level":"DEBUG","time":"2020-10-20T16:24:24.277+0800","caller":"wizzcommunity/main.go:37","msg":"logger init success..."}
{"level":"DEBUG","time":"2020-10-20T16:29:13.133+0800","caller":"wizzcommunity/main.go:37","msg":"logger init success..."}
{"level":"DEBUG","time":"2020-10-20T17:10:00.769+0800","caller":"wizzcommunity/main.go:37","msg":"logger init success..."}
{"level":"DEBUG","time":"2020-10-20T17:18:42.725+0800","caller":"wizzcommunity/main.go:37","msg":"logger init success..."}
{"level":"DEBUG","time":"2020-10-20T17:18:43.753+0800","caller":"wizzcommunity/main.go:37","msg":"logger init success..."}
{"level":"DEBUG","time":"2020-10-20T17:24:28.291+0800","caller":"wizzcommunity/main.go:37","msg":"logger init success..."}
{"level":"DEBUG","time":"2020-10-20T17:24:29.335+0800","caller":"wizzcommunity/main.go:37","msg":"logger init success..."}
{"level":"DEBUG","time":"2020-10-20T17:42:27.789+0800","caller":"wizzcommunity/main.go:37","msg":"logger init success..."}
{"level":"DEBUG","time":"2020-10-20T17:43:21.702+0800","caller":"wizzcommunity/main.go:37","msg":"logger init success..."}
{"level":"INFO","time":"2020-10-20T17:44:15.270+0800","caller":"wizzcommunity/main.go:73","msg":"Shutdown Server ..."}
{"level":"INFO","time":"2020-10-20T17:44:15.270+0800","caller":"wizzcommunity/main.go:82","msg":"Server exiting"}
{"level":"DEBUG","time":"2020-10-20T17:44:34.141+0800","caller":"wizzcommunity/main.go:37","msg":"logger init success..."}
